<?xml version="1.0" encoding="UTF-8"?>
<testng-results skipped="0" failed="0" ignored="0" total="1" passed="1">
  <reporter-output>
  </reporter-output>
  <suite name="Suite" duration-ms="46707" started-at="2018-11-20T12:14:49Z" finished-at="2018-11-20T12:15:36Z">
    <groups>
    </groups>
    <test name="Test" duration-ms="46707" started-at="2018-11-20T12:14:49Z" finished-at="2018-11-20T12:15:36Z">
      <class name="com.appium.Appium">
        <test-method status="PASS" signature="run()[pri:0, instance:com.appium.Appium@2d3fcdbd]" name="run" duration-ms="46677" started-at="2018-11-20T12:14:49Z" finished-at="2018-11-20T12:15:36Z">
          <reporter-output>
          </reporter-output>
        </test-method> <!-- run -->
      </class> <!-- com.appium.Appium -->
    </test> <!-- Test -->
  </suite> <!-- Suite -->
</testng-results>
