<?xml version="1.0" encoding="UTF-8"?>
<testng-results skipped="0" failed="0" ignored="0" total="1" passed="1">
  <reporter-output>
  </reporter-output>
  <suite name="Default suite" duration-ms="15209" started-at="2018-12-06T09:58:28Z" finished-at="2018-12-06T09:58:43Z">
    <groups>
    </groups>
    <test name="Default test" duration-ms="15209" started-at="2018-12-06T09:58:28Z" finished-at="2018-12-06T09:58:43Z">
      <class name="Test.Login">
        <test-method status="PASS" signature="run()[pri:0, instance:Test.Login@224edc67]" name="run" duration-ms="15139" started-at="2018-12-06T09:58:28Z" finished-at="2018-12-06T09:58:43Z">
          <reporter-output>
          </reporter-output>
        </test-method> <!-- run -->
      </class> <!-- Test.Login -->
    </test> <!-- Default test -->
  </suite> <!-- Default suite -->
</testng-results>
