<?xml version="1.0" encoding="UTF-8"?>
<testng-results skipped="0" failed="0" ignored="0" total="1" passed="1">
  <reporter-output>
  </reporter-output>
  <suite name="Suite" duration-ms="25037" started-at="2018-11-27T06:36:39Z" finished-at="2018-11-27T06:37:04Z">
    <groups>
    </groups>
    <test name="Test" duration-ms="25037" started-at="2018-11-27T06:36:39Z" finished-at="2018-11-27T06:37:04Z">
      <class name="Test.Login">
        <test-method status="PASS" signature="run()[pri:0, instance:Test.Login@5315b42e]" name="run" duration-ms="24974" started-at="2018-11-27T06:36:39Z" finished-at="2018-11-27T06:37:04Z">
          <reporter-output>
          </reporter-output>
        </test-method> <!-- run -->
      </class> <!-- Test.Login -->
    </test> <!-- Test -->
  </suite> <!-- Suite -->
</testng-results>
